{
  "RSpec": {
    "coverage": {
      "/Users/tweibley/adk-ruby/lib/adk.rb": {
        "lines": [
          null,
          null,
          null,
          1,
          null,
          null,
          1,
          1,
          1,
          1,
          1,
          1,
          null,
          null,
          1,
          null,
          1,
          1,
          1,
          1,
          0,
          0,
          null,
          1,
          1,
          0,
          0,
          0,
          0,
          0,
          null,
          null,
          1,
          1,
          266,
          1,
          1,
          null,
          1,
          null,
          null,
          null,
          1,
          2370,
          null,
          null,
          null,
          null,
          null,
          1,
          null,
          null,
          1,
          1,
          null,
          1,
          null,
          null,
          1,
          null,
          3,
          null,
          null,
          null,
          null,
          null,
          null,
          null,
          null,
          null,
          null,
          null,
          3,
          null,
          null,
          null,
          null,
          null,
          null,
          1,
          null,
          6,
          6,
          null,
          6,
          null,
          null,
          null,
          1,
          null,
          14,
          null,
          null,
          null,
          1,
          3,
          3,
          null,
          null,
          1,
          44,
          null,
          null,
          null,
          1,
          null,
          11,
          11,
          10,
          10,
          null,
          null,
          1,
          null,
          0,
          null,
          null,
          null,
          1,
          0,
          null,
          0,
          0,
          null,
          0,
          0,
          0,
          0,
          0,
          0,
          null,
          null,
          null,
          null,
          null,
          null,
          1,
          null,
          null,
          null,
          null,
          1,
          null,
          null,
          1,
          1,
          1,
          1,
          1,
          1,
          1,
          1,
          1,
          1,
          1,
          1,
          1,
          1,
          1,
          1,
          null,
          null,
          1,
          1,
          1,
          1,
          1,
          1,
          1,
          1,
          1,
          null,
          null,
          1,
          null,
          null,
          null,
          null,
          1,
          null,
          null,
          0,
          null,
          null,
          1,
          null,
          null,
          1,
          null,
          null,
          1,
          null,
          1,
          null,
          null,
          null,
          null,
          null,
          null,
          null,
          null,
          null,
          8,
          8,
          null,
          0,
          null,
          null,
          1
        ]
      },
      "/Users/tweibley/adk-ruby/lib/adk/version.rb": {
        "lines": [
          null,
          null,
          1,
          1,
          null
        ]
      },
      "/Users/tweibley/adk-ruby/lib/adk/configuration.rb": {
        "lines": [
          null,
          null,
          1,
          1,
          1,
          1,
          1,
          null,
          1,
          null,
          null,
          1,
          null,
          1,
          null,
          null,
          1,
          null,
          null,
          1,
          null,
          null,
          1,
          null,
          null,
          1,
          null,
          1,
          null,
          7,
          7,
          7,
          7,
          7,
          null,
          null,
          null
        ]
      },
      "/Users/tweibley/adk-ruby/lib/adk/agent.rb": {
        "lines": [
          null,
          null,
          null,
          1,
          1,
          1,
          1,
          1,
          null,
          1,
          1,
          1,
          1,
          1,
          1,
          1,
          1,
          1,
          1,
          1,
          1,
          null,
          1,
          1,
          null,
          null,
          null,
          1,
          1,
          null,
          null,
          1,
          null,
          1,
          null,
          1,
          null,
          1,
          null,
          1,
          null,
          1,
          null,
          1,
          null,
          1,
          null,
          1,
          null,
          1,
          null,
          1,
          null,
          1,
          null,
          1,
          null,
          1,
          null,
          1,
          null,
          1,
          null,
          1,
          null,
          1,
          null,
          1,
          null,
          1,
          null,
          1,
          null,
          1,
          null,
          1,
          null,
          null,
          null,
          1,
          null,
          1,
          null,
          1,
          null,
          1,
          null,
          null,
          null,
          1,
          null,
          1,
          null,
          1,
          null,
          1,
          null,
          1,
          null,
          1,
          null,
          null,
          null,
          null,
          null,
          1,
          null,
          1,
          359,
          359,
          359,
          359,
          359,
          359,
          null,
          359,
          359,
          359,
          359,
          359,
          359,
          359,
          359,
          359,
          null,
          359,
          359,
          359,
          359,
          359,
          359,
          359,
          359,
          null,
          null,
          null,
          359,
          359,
          359,
          359,
          null,
          null,
          359,
          null,
          null,
          null,
          null,
          1,
          304,
          296,
          293,
          null,
          null,
          null,
          null,
          1,
          296,
          294,
          null,
          null,
          294,
          null,
          null,
          293,
          null,
          null,
          41,
          7,
          null,
          41,
          7,
          null,
          null,
          null,
          null,
          null,
          null,
          1,
          null,
          36,
          null,
          null,
          null,
          null,
          null,
          null,
          36,
          36,
          36,
          36,
          null,
          null,
          null,
          null,
          null,
          null,
          null,
          null,
          null,
          null,
          null,
          null,
          null,
          null,
          null,
          36,
          null,
          12,
          6,
          null,
          null,
          null,
          null,
          36,
          36,
          null,
          null,
          null,
          null,
          1,
          1,
          359,
          null,
          null,
          null,
          null,
          1,
          302,
          null,
          301,
          null,
          null,
          null,
          null,
          1,
          195,
          null,
          null,
          null,
          null,
          1,
          302,
          null,
          null,
          null,
          null,
          null,
          1,
          233,
          null,
          null,
          233,
          null,
          null,
          null,
          null,
          1,
          94,
          null,
          null,
          null,
          null,
          1,
          31,
          null,
          null,
          null,
          null,
          null,
          null,
          1,
          41,
          null,
          null,
          null,
          null,
          1,
          null,
          36,
          1,
          null,
          null,
          35,
          null,
          null,
          null,
          null,
          1,
          33,
          null,
          null,
          null,
          null,
          1,
          null,
          null,
          38,
          null,
          37,
          null,
          null,
          null,
          null,
          1,
          null,
          null,
          38,
          null,
          37,
          null,
          null,
          null,
          null,
          1,
          142,
          142,
          0,
          null,
          null,
          142,
          null,
          null,
          null,
          null,
          1,
          55,
          null,
          103,
          0,
          null,
          null,
          55,
          null,
          null,
          null,
          null,
          null,
          null,
          1,
          35,
          94,
          35,
          0,
          null,
          null,
          35,
          null,
          null,
          null,
          null,
          1,
          34,
          null,
          34,
          null,
          null,
          null,
          null,
          null,
          1,
          26,
          26,
          1,
          null,
          null,
          25,
          null,
          null,
          null,
          null,
          null,
          1,
          27,
          null,
          27,
          null,
          27,
          null,
          null,
          null,
          null,
          null,
          1,
          27,
          null,
          27,
          null,
          27,
          null,
          null,
          null,
          null,
          null,
          1,
          27,
          null,
          27,
          null,
          27,
          null,
          null,
          null,
          null,
          1,
          27,
          0,
          null,
          null,
          27,
          null,
          null,
          null,
          null,
          null,
          1,
          25,
          null,
          25,
          25,
          null,
          null,
          null,
          null,
          null,
          1,
          42,
          null,
          42,
          null,
          42,
          null,
          null,
          null,
          null,
          null,
          null,
          null,
          null,
          null,
          null,
          1,
          15,
          null,
          14,
          null,
          null,
          null,
          null,
          null,
          null,
          null,
          null,
          null,
          1,
          19,
          1,
          null,
          18,
          17,
          null,
          17,
          null,
          null,
          null,
          null,
          null,
          null,
          null,
          null,
          null,
          null,
          null,
          null,
          1,
          8,
          8,
          null,
          8,
          null,
          null,
          null,
          null,
          null,
          null,
          null,
          null,
          1,
          8,
          8,
          null,
          8,
          null,
          null,
          null,
          null,
          null,
          null,
          null,
          null,
          null,
          null,
          1,
          4,
          null,
          4,
          null,
          null,
          null,
          null,
          null,
          null,
          null,
          1,
          2,
          null,
          2,
          null,
          null,
          null,
          null,
          null,
          null,
          null,
          1,
          0,
          null,
          0,
          null,
          null,
          null,
          null,
          null,
          null,
          null,
          1,
          0,
          null,
          0,
          null,
          null,
          null,
          null,
          null,
          null,
          null,
          null,
          1,
          3,
          null,
          3,
          null,
          null,
          null,
          null,
          null,
          null,
          null,
          null,
          null,
          1,
          1,
          null,
          1,
          null,
          null,
          null,
          null,
          1,
          null,
          null,
          null,
          null,
          null,
          1,
          50,
          null,
          50,
          null,
          null,
          50,
          300,
          172,
          172,
          null,
          128,
          null,
          null,
          null,
          null,
          50,
          50,
          50,
          null,
          null,
          50,
          50,
          49,
          1,
          1,
          null,
          null,
          null,
          50,
          50,
          0,
          null,
          null,
          0,
          0,
          0,
          null,
          0,
          null,
          null,
          null,
          0,
          null,
          null,
          null,
          0,
          null,
          null,
          null,
          50,
          50,
          null,
          null,
          50,
          50,
          null,
          null,
          null,
          50,
          50,
          50,
          null,
          null,
          50,
          50,
          null,
          null,
          50,
          null,
          50,
          null,
          null,
          null,
          50,
          50,
          null,
          null,
          null,
          50,
          50,
          null,
          17,
          17,
          null,
          null,
          0,
          null,
          33,
          31,
          null,
          2,
          null,
          null,
          null,
          50,
          50,
          32,
          32,
          null,
          18,
          null,
          null,
          null,
          null,
          50,
          null,
          null,
          50,
          50,
          null,
          null,
          null,
          50,
          50,
          50,
          50,
          null,
          50,
          50,
          null,
          0,
          null,
          null,
          null,
          50,
          50,
          50,
          null,
          null,
          50,
          50,
          null,
          50,
          50,
          null,
          50,
          50,
          null,
          null,
          50,
          null,
          null,
          null,
          50,
          null,
          null,
          50,
          50,
          null,
          0,
          null,
          0,
          null,
          null,
          50,
          4,
          4,
          null,
          4,
          null,
          2,
          null,
          null,
          null,
          null,
          null,
          4,
          4,
          4,
          null,
          null,
          50,
          null,
          null,
          50,
          50,
          null,
          0,
          null,
          0,
          null,
          null,
          50,
          50,
          null,
          null,
          50,
          50,
          null,
          0,
          null,
          0,
          null,
          null,
          50,
          50,
          null,
          50,
          null,
          null,
          null,
          null,
          null,
          1,
          1,
          null,
          1,
          null,
          null,
          1,
          1,
          null,
          null,
          1,
          null,
          null,
          null,
          null,
          null,
          null,
          1,
          null,
          null,
          null,
          null,
          null,
          null,
          null,
          null,
          null,
          null,
          null,
          null,
          null,
          null,
          null,
          null,
          null,
          null,
          null,
          null,
          null,
          null,
          null,
          null,
          null,
          null,
          null,
          1,
          29,
          null,
          null,
          28,
          null,
          null,
          null,
          null,
          null,
          28,
          null,
          null,
          4,
          null,
          null,
          null,
          null,
          24,
          24,
          null,
          null,
          24,
          0,
          null,
          null,
          null,
          null,
          24,
          24,
          24,
          24,
          24,
          24,
          24,
          24,
          24,
          null,
          null,
          24,
          null,
          null,
          24,
          null,
          null,
          null,
          null,
          null,
          null,
          null,
          null,
          null,
          null,
          null,
          null,
          23,
          null,
          0,
          0,
          0,
          null,
          null,
          0,
          0,
          0,
          null,
          null,
          1,
          1,
          1,
          null,
          0,
          0,
          0,
          null,
          null,
          null,
          23,
          null,
          23,
          null,
          null,
          null,
          null,
          null,
          null,
          null,
          null,
          null,
          null,
          1,
          204,
          1,
          null,
          null,
          null,
          203,
          null,
          null,
          null,
          1,
          null,
          null,
          null,
          202,
          202,
          null,
          null,
          202,
          202,
          202,
          202,
          202,
          202,
          null,
          null,
          null,
          202,
          202,
          202,
          202,
          null,
          null,
          null,
          202,
          19,
          1,
          null,
          null,
          null,
          201,
          201,
          201,
          201,
          201,
          null,
          null,
          201,
          201,
          null,
          null,
          201,
          null,
          383,
          null,
          201,
          13,
          12,
          12,
          null,
          null,
          201,
          null,
          null,
          201,
          null,
          201,
          null,
          201,
          null,
          201,
          201,
          null,
          null,
          201,
          201,
          0,
          0,
          0,
          0,
          0,
          null,
          null,
          null,
          201,
          201,
          170,
          170,
          null,
          null,
          null,
          201,
          201,
          0,
          0,
          null,
          0,
          0,
          0,
          null,
          0,
          null,
          null,
          null,
          0,
          null,
          null,
          null,
          null,
          201,
          201,
          null,
          188,
          188,
          188,
          null,
          0,
          null,
          null,
          null,
          0,
          null,
          null,
          null,
          201,
          null,
          201,
          201,
          null,
          0,
          0,
          null,
          null,
          201,
          201,
          null,
          201,
          null,
          null,
          201,
          0,
          null,
          null,
          201,
          0,
          null,
          null,
          201,
          0,
          null,
          null,
          null,
          201,
          16,
          16,
          23,
          0,
          0,
          null,
          null,
          null,
          null,
          23,
          null,
          0,
          0,
          null,
          null,
          null,
          23,
          21,
          2,
          1,
          1,
          null,
          null,
          null,
          null,
          22,
          1,
          1,
          21,
          1,
          null,
          22,
          22,
          null,
          16,
          185,
          11,
          11,
          null,
          null,
          12,
          null,
          12,
          12,
          2,
          2,
          null,
          null,
          10,
          10,
          null,
          10,
          10,
          0,
          0,
          0,
          null,
          null,
          null,
          10,
          10,
          null,
          0,
          null,
          0,
          null,
          null,
          11,
          null,
          null,
          null,
          null,
          null,
          null,
          1,
          null,
          7,
          7,
          null,
          7,
          1,
          1,
          null,
          null,
          null,
          6,
          null,
          null,
          6,
          null,
          null,
          null,
          6,
          1,
          1,
          null,
          null,
          null,
          5,
          1,
          null,
          null,
          null,
          5,
          5,
          5,
          null,
          null,
          5,
          null,
          null,
          null,
          null,
          1,
          3,
          null,
          5,
          5,
          4,
          null,
          null,
          1,
          1,
          null,
          null,
          null,
          null,
          null,
          null,
          null,
          1,
          2,
          null,
          null,
          null,
          null,
          null,
          1,
          359,
          null,
          359,
          0,
          0,
          null,
          null,
          null,
          359,
          359,
          null,
          359,
          null,
          0,
          0,
          null,
          null,
          359,
          0,
          null,
          null,
          null,
          359,
          359,
          null,
          null,
          null,
          1,
          35,
          null,
          35,
          35,
          null,
          null,
          35,
          null,
          35,
          null,
          null,
          1,
          1,
          null,
          1,
          1,
          null,
          null,
          1,
          null,
          1,
          null,
          null,
          1,
          69,
          null,
          null,
          null,
          null,
          1,
          2,
          null,
          null,
          null,
          null,
          null,
          1,
          8,
          null,
          null,
          null,
          1,
          null,
          20,
          1,
          1,
          1,
          null,
          null,
          19,
          19,
          1,
          1,
          null,
          1,
          null,
          null,
          null,
          null,
          18,
          18,
          null,
          null,
          null,
          18,
          null,
          null,
          null,
          null,
          null,
          null,
          null,
          null,
          null,
          18,
          3,
          null,
          null,
          null,
          3,
          null,
          null,
          2,
          1,
          null,
          null,
          1,
          1,
          1,
          null,
          null,
          null,
          null,
          1,
          1,
          null,
          null,
          1,
          null,
          1,
          null,
          null,
          1,
          1,
          null,
          null,
          null,
          null,
          null,
          null,
          1,
          1,
          1,
          null,
          1,
          null,
          null,
          null,
          null,
          null,
          16,
          null,
          null,
          null,
          16,
          null,
          null,
          16,
          null,
          null,
          16,
          null,
          null,
          16,
          16,
          null,
          null,
          16,
          1,
          null,
          null,
          null,
          null,
          1,
          null,
          null,
          1,
          1,
          null,
          null,
          1,
          1,
          1,
          null,
          null,
          null,
          null,
          1,
          1,
          null,
          null,
          0,
          null,
          null,
          null,
          null,
          1,
          1,
          1,
          null,
          null,
          null,
          null,
          null,
          16,
          null,
          null,
          16,
          null,
          null,
          0,
          0,
          null,
          null,
          null,
          null,
          null,
          1,
          15,
          null,
          4,
          null,
          null,
          null,
          null,
          null,
          1,
          null,
          52,
          null,
          null,
          52,
          null,
          null,
          37,
          29,
          29,
          null,
          null,
          null,
          20,
          null,
          null,
          null,
          null,
          null,
          1,
          null,
          23,
          null,
          null,
          23,
          0,
          null,
          null,
          null,
          23,
          54,
          null,
          null,
          null,
          0,
          0,
          null,
          null,
          null,
          null,
          null,
          null,
          null,
          null,
          null,
          null,
          1,
          null,
          10,
          0,
          null,
          null,
          null,
          null,
          10,
          10,
          2,
          2,
          2,
          null,
          null,
          null,
          null,
          8,
          null,
          null,
          8,
          4,
          null,
          null,
          null,
          4,
          null,
          4,
          1,
          1,
          1,
          null,
          null,
          null,
          3,
          null,
          null,
          null,
          null,
          0,
          0,
          0,
          null,
          null,
          null,
          null,
          7,
          0,
          0,
          0,
          null,
          null,
          null,
          7,
          null,
          null,
          null,
          7,
          null,
          null,
          7,
          null,
          null,
          null,
          null,
          null,
          null,
          6,
          null,
          6,
          null,
          null,
          null,
          null,
          null,
          1,
          1,
          1,
          null,
          null,
          null,
          null,
          1,
          null,
          null,
          null,
          1,
          17,
          null,
          null,
          null,
          null,
          null,
          0,
          null,
          null,
          null,
          null,
          null,
          null,
          null,
          null,
          1,
          369,
          null,
          null,
          369,
          null,
          0,
          0,
          null,
          369,
          null,
          369,
          null,
          2,
          0,
          null,
          null,
          null,
          null,
          2,
          2,
          null,
          null,
          null,
          null,
          369,
          null,
          null,
          null,
          null,
          null,
          1,
          0,
          null,
          0,
          null,
          0,
          0,
          null,
          0,
          0,
          0,
          null,
          null,
          0,
          null,
          0,
          null,
          0,
          0,
          null,
          0,
          null,
          0,
          null,
          null,
          null,
          0,
          null,
          null,
          null,
          null,
          null,
          null,
          null,
          null,
          1,
          16,
          null,
          null,
          16,
          16,
          null,
          null,
          16,
          5,
          5,
          5,
          11,
          null,
          11,
          null,
          0,
          0,
          0,
          null,
          null,
          null,
          16,
          0,
          0,
          0,
          null,
          null,
          null,
          16,
          2,
          0,
          0,
          null,
          null,
          null,
          0,
          0,
          null,
          0,
          0,
          null,
          null,
          null,
          0,
          0,
          0,
          null,
          null,
          2,
          2,
          2,
          null,
          null,
          null,
          null,
          14,
          14,
          14,
          14,
          null,
          14,
          null,
          17,
          0,
          17,
          17,
          17,
          17,
          null,
          null,
          17,
          17,
          17,
          17,
          2,
          null,
          2,
          1,
          1,
          0,
          0,
          null,
          1,
          1,
          null,
          1,
          1,
          1,
          0,
          0,
          0,
          null,
          0,
          null,
          null,
          null,
          0,
          null,
          null,
          2,
          null,
          15,
          null,
          null,
          17,
          17,
          null,
          null,
          null,
          17,
          null,
          null,
          17,
          17,
          17,
          null,
          17,
          17,
          null,
          17,
          17,
          null,
          17,
          17,
          17,
          0,
          0,
          null,
          null,
          0,
          0,
          null,
          null,
          null,
          null,
          17,
          null,
          null,
          null,
          null,
          null,
          null,
          17,
          1,
          1,
          1,
          null,
          null,
          16,
          16,
          null,
          null,
          null,
          null,
          14,
          14,
          null,
          null,
          14,
          null,
          null,
          null,
          null,
          null,
          null,
          null,
          null,
          null,
          1,
          17,
          null,
          null,
          17,
          0,
          0,
          0,
          null,
          null,
          17,
          17,
          null,
          null,
          null,
          17,
          1,
          1,
          null,
          null,
          1,
          null,
          null,
          1,
          null,
          null,
          null,
          1,
          null,
          0,
          0,
          0,
          0,
          null,
          null,
          null,
          null,
          null,
          null,
          17,
          17,
          0,
          0,
          0,
          null,
          null,
          null,
          17,
          null,
          null,
          null,
          null,
          null,
          null,
          null,
          null,
          null,
          null,
          17,
          null,
          null,
          null,
          null,
          17,
          null,
          null,
          17,
          2,
          null,
          null,
          null,
          2,
          null,
          null,
          2,
          1,
          null,
          null,
          1,
          null,
          null,
          null,
          null,
          null,
          1,
          null,
          1,
          null,
          null,
          0,
          null,
          0,
          null,
          null,
          null,
          null,
          null,
          null,
          0,
          null,
          null,
          null,
          null,
          null,
          0,
          null,
          0,
          null,
          null,
          null,
          null,
          null,
          16,
          16,
          null,
          null,
          16,
          0,
          null,
          null,
          16,
          null,
          null,
          15,
          1,
          null,
          null,
          null,
          1,
          null,
          null,
          1,
          1,
          1,
          null,
          null,
          0,
          null,
          null,
          null,
          null,
          null,
          15,
          null,
          null,
          null,
          null,
          null,
          15,
          null,
          15,
          null,
          1,
          null,
          1,
          null,
          null,
          null,
          null,
          null,
          null,
          1,
          null,
          null,
          null,
          null,
          1,
          null,
          1,
          null,
          null,
          null,
          null,
          1,
          null,
          37,
          null,
          0,
          null,
          0,
          0,
          null,
          null,
          0,
          null,
          0,
          0,
          null,
          null,
          null,
          null,
          0,
          0,
          0,
          0,
          null,
          null,
          0,
          0,
          0,
          0,
          null,
          0,
          null,
          0,
          null,
          0,
          null,
          null,
          null,
          null,
          null,
          1,
          1,
          null,
          0,
          null,
          0,
          0,
          null,
          0,
          null,
          null,
          0,
          null,
          null,
          null,
          null,
          1,
          0,
          null,
          0,
          0,
          0,
          0,
          null,
          0,
          0,
          null,
          0,
          null,
          0,
          null,
          null,
          null,
          null,
          0,
          null,
          0,
          null,
          null,
          null,
          null,
          1,
          null,
          null,
          0,
          null,
          null,
          1,
          null,
          0,
          null,
          null,
          null,
          null,
          null,
          null,
          1,
          null,
          35,
          0,
          null,
          null,
          null,
          null,
          35,
          35,
          null,
          70,
          null,
          0,
          0,
          0,
          null,
          null,
          0,
          0,
          null,
          null,
          null,
          null,
          1,
          17,
          null,
          null,
          3,
          null,
          null,
          null,
          3,
          null,
          3,
          3,
          null,
          null,
          3,
          null,
          null,
          3,
          null,
          null,
          null,
          null,
          3,
          null,
          3,
          null,
          null,
          0,
          null,
          null,
          null,
          0,
          0,
          null,
          null,
          3,
          null,
          null,
          null,
          3,
          2,
          null,
          1,
          null,
          null,
          1,
          null,
          null,
          null,
          null,
          null
        ]
      },
      "/Users/tweibley/adk-ruby/lib/adk/tool_context.rb": {
        "lines": [
          null,
          null,
          null,
          1,
          null,
          null,
          null,
          1,
          1,
          null,
          null,
          1,
          null,
          null,
          null,
          1,
          null,
          null,
          null,
          null,
          null,
          null,
          null,
          null,
          null,
          1,
          71,
          71,
          71,
          71,
          71,
          71,
          71,
          71,
          71,
          null,
          null,
          null,
          null,
          null,
          1,
          1,
          0,
          0,
          null,
          null,
          1,
          1,
          null,
          0,
          0,
          null,
          null,
          null,
          null,
          null,
          1,
          4,
          4,
          null,
          null,
          null,
          null,
          1,
          0,
          0,
          0,
          null,
          null,
          0,
          0,
          null,
          null,
          null,
          1,
          0,
          null,
          null,
          null,
          null,
          null,
          null,
          null,
          null,
          null,
          1,
          1,
          null,
          null,
          1,
          1,
          null,
          1,
          null,
          null,
          1,
          null,
          null,
          null,
          null,
          null,
          null,
          null,
          null,
          null,
          0,
          null,
          null,
          0,
          null,
          null,
          null,
          null,
          null,
          1,
          4,
          4,
          null,
          null,
          null,
          null,
          null,
          1,
          3,
          3,
          null,
          null,
          null,
          null,
          null,
          null,
          null,
          1,
          null,
          2,
          2,
          2,
          null,
          null,
          null,
          0,
          0,
          null,
          0,
          0,
          0,
          null,
          null,
          null,
          null,
          null,
          null,
          null,
          1,
          null,
          1,
          1,
          1,
          null,
          null,
          null,
          0,
          null,
          0,
          0,
          0,
          null,
          0,
          0,
          null,
          null,
          null,
          0,
          null,
          null,
          null,
          null,
          null,
          null,
          null,
          1,
          1,
          1,
          null,
          1,
          1,
          1,
          1,
          null,
          null,
          null,
          null,
          null,
          null,
          1,
          1,
          1,
          null,
          1,
          1,
          1,
          1,
          null,
          null,
          null,
          null,
          null,
          null,
          null,
          1,
          null,
          1,
          1,
          1,
          null,
          null,
          null,
          0,
          0,
          0,
          null,
          null,
          null,
          0,
          0,
          0,
          null,
          0,
          null,
          0,
          0,
          null,
          null,
          null,
          null,
          null,
          null,
          null,
          null,
          1,
          null,
          4,
          null,
          3,
          null,
          null,
          3,
          3,
          3,
          null,
          null,
          3,
          0,
          0,
          0,
          0,
          null,
          null,
          null,
          null,
          3,
          null,
          null,
          null,
          null,
          null,
          null,
          3,
          2,
          null,
          null,
          0,
          null,
          null,
          null,
          1,
          null,
          null,
          null,
          null,
          null,
          null,
          1,
          3,
          null,
          3,
          3,
          3,
          null,
          3,
          1,
          2,
          2,
          null,
          2,
          2,
          null,
          0,
          null,
          null,
          0,
          null,
          null,
          3,
          2,
          2,
          null,
          null,
          2,
          2,
          null,
          2,
          2,
          null,
          0,
          null,
          null,
          null,
          null,
          1,
          null,
          null,
          null,
          null,
          1,
          0,
          null,
          0,
          0,
          null,
          0,
          0,
          null,
          null,
          1,
          null,
          24,
          null,
          null,
          null,
          null,
          null,
          null,
          null,
          null,
          1,
          null,
          null,
          null,
          1,
          0,
          null,
          null,
          0,
          0,
          0,
          null,
          null,
          0,
          null,
          null,
          null
        ]
      },
      "/Users/tweibley/adk-ruby/lib/adk/planner.rb": {
        "lines": [
          null,
          null,
          null,
          1,
          1,
          1,
          1,
          null,
          1,
          1,
          1,
          null,
          null,
          1,
          203,
          203,
          203,
          203,
          null,
          203,
          null,
          203,
          1,
          null,
          null,
          202,
          null,
          null,
          null,
          null,
          null,
          null,
          null,
          null,
          201,
          201,
          null,
          1,
          1,
          1,
          1,
          null,
          null,
          null,
          null,
          null,
          null,
          null,
          null,
          1,
          null,
          7,
          1,
          1,
          null,
          null,
          null,
          6,
          null,
          null,
          6,
          null,
          null,
          6,
          6,
          null,
          1,
          null,
          null,
          null,
          null,
          null,
          null,
          null,
          null,
          null,
          1,
          null,
          1,
          null,
          0,
          0,
          0,
          null,
          null,
          null,
          1,
          1,
          1,
          null,
          null,
          null,
          null,
          null,
          null,
          null,
          null,
          null,
          6,
          null,
          null,
          null,
          null,
          null,
          5,
          null,
          5,
          1,
          1,
          1,
          null,
          null,
          null,
          4,
          4,
          null,
          1,
          null,
          null,
          null,
          null,
          null,
          null,
          null,
          null,
          null,
          1,
          null,
          1,
          null,
          0,
          0,
          0,
          null,
          null,
          null,
          1,
          1,
          1,
          null,
          null,
          null,
          null,
          4,
          null,
          null,
          4,
          2,
          null,
          2,
          2,
          null,
          null,
          null,
          null,
          null,
          null,
          null,
          2,
          null,
          null,
          null,
          1,
          1,
          null,
          null,
          null,
          null,
          null,
          null,
          1,
          null,
          null,
          null,
          null,
          1,
          0,
          null,
          null,
          null,
          null,
          null,
          null,
          null,
          null,
          null,
          null,
          null,
          null,
          null,
          null,
          null,
          null,
          null,
          null,
          null,
          null,
          null,
          null,
          null,
          null,
          null,
          null,
          null,
          null,
          null,
          null,
          null,
          null,
          null,
          null,
          null,
          null,
          null,
          null,
          null,
          null,
          null,
          null,
          null,
          null,
          1,
          8,
          8,
          8,
          null,
          8,
          4,
          null,
          null,
          4,
          null,
          5,
          5,
          5,
          null,
          5,
          4,
          null,
          4,
          4,
          null,
          5,
          null,
          null,
          null,
          3,
          null,
          null,
          null,
          null,
          4,
          4,
          4,
          4,
          null,
          null,
          null,
          null,
          1,
          7,
          null,
          2,
          2,
          null,
          2,
          null,
          2,
          null,
          2,
          null,
          0,
          null,
          null,
          2,
          null,
          null,
          2,
          null,
          null,
          null,
          null,
          null,
          null,
          null,
          2,
          null,
          null,
          null,
          null,
          1,
          8,
          null,
          0,
          0,
          null,
          0,
          null,
          0,
          null,
          0,
          null,
          0,
          null,
          null,
          0,
          null,
          null,
          0,
          null,
          null,
          null,
          null,
          null,
          null,
          null,
          0,
          null,
          null,
          null,
          1,
          null,
          12,
          null,
          null,
          null,
          12,
          12,
          null,
          null,
          12,
          null,
          null,
          null,
          5,
          null,
          null,
          null,
          null,
          null,
          null,
          null,
          null,
          null,
          null,
          null,
          null,
          null,
          null,
          null,
          null,
          null,
          null,
          null,
          null,
          null,
          null,
          null,
          null,
          null,
          null,
          null,
          null,
          null,
          null,
          12,
          2,
          null,
          null,
          null,
          null,
          null,
          null,
          null,
          null,
          null,
          null,
          null,
          null,
          null,
          null,
          null,
          null,
          null,
          null,
          null,
          null,
          null,
          null,
          null,
          null,
          null,
          null,
          null,
          12,
          null,
          null,
          null,
          null,
          null,
          null,
          null,
          null,
          null,
          null,
          null,
          null,
          null,
          null,
          null,
          null,
          null,
          12,
          null,
          null,
          null,
          1,
          4,
          null,
          null,
          null,
          4,
          2,
          null,
          1,
          null,
          2,
          null,
          null,
          null,
          3,
          null,
          null,
          3,
          3,
          null,
          2,
          2,
          null,
          null,
          1,
          1,
          null,
          0,
          0,
          0,
          1,
          null,
          0,
          0,
          0,
          null,
          1,
          1,
          null,
          null,
          null,
          null,
          3,
          0,
          0,
          null,
          null,
          null,
          3,
          null,
          null,
          3,
          1,
          1,
          1,
          null,
          null,
          null,
          null,
          2,
          null,
          0,
          0,
          0,
          null,
          0,
          null,
          null,
          null,
          null,
          1,
          null,
          15,
          null,
          null,
          15,
          15,
          null,
          0,
          0,
          null,
          0,
          null,
          null,
          null,
          null,
          15,
          null,
          15,
          15,
          15,
          null,
          13,
          13,
          null,
          0,
          null,
          null,
          null,
          null,
          null,
          15,
          2,
          2,
          2,
          null,
          0,
          0,
          null,
          0,
          null,
          null,
          null,
          null,
          null,
          15,
          2,
          2,
          null,
          null,
          null,
          13,
          13,
          null,
          null,
          13,
          2,
          2,
          null,
          null,
          null,
          11,
          null,
          11,
          12,
          null,
          null,
          12,
          0,
          0,
          null,
          null,
          null,
          12,
          1,
          1,
          null,
          null,
          null,
          11,
          1,
          1,
          null,
          null,
          null,
          10,
          1,
          1,
          null,
          null,
          null,
          9,
          null,
          9,
          null,
          null,
          null,
          null,
          null,
          8,
          0,
          null,
          null,
          8,
          null,
          null,
          null,
          null,
          null,
          null,
          null,
          null,
          null,
          1,
          null,
          null,
          2,
          null,
          null,
          null,
          null,
          null,
          2,
          0,
          0,
          null,
          null,
          2,
          null,
          null,
          null,
          null,
          null,
          null,
          1,
          3,
          3,
          0,
          null,
          3,
          3,
          null,
          null,
          null,
          null,
          1,
          null,
          2,
          null,
          3,
          2,
          null,
          1,
          null,
          null,
          null,
          null,
          null,
          1,
          1,
          null,
          null,
          null,
          null
        ]
      },
      "/Users/tweibley/adk-ruby/lib/adk/gemini_ai_beta_patch.rb": {
        "lines": [
          null,
          null,
          null,
          null,
          null,
          1,
          null,
          1,
          1,
          1,
          null,
          1,
          null,
          1,
          null,
          191,
          null,
          null,
          191,
          null,
          191,
          null,
          null,
          191,
          null,
          191,
          null,
          null,
          null,
          null,
          null,
          null
        ]
      },
      "/Users/tweibley/adk-ruby/lib/adk/tool_registry.rb": {
        "lines": [
          null,
          null,
          null,
          null,
          null,
          1,
          null,
          1,
          1,
          null,
          null,
          1,
          246,
          null,
          null,
          null,
          null,
          null,
          1,
          384,
          null,
          384,
          1,
          1,
          null,
          null,
          383,
          null,
          383,
          null,
          2,
          null,
          null,
          381,
          null,
          383,
          383,
          null,
          null,
          null,
          null,
          null,
          1,
          601,
          601,
          601,
          null,
          null,
          null,
          null,
          null,
          1,
          23,
          23,
          23,
          null,
          null,
          null,
          null,
          1,
          5,
          8,
          8,
          8,
          null,
          null,
          null
        ]
      },
      "/Users/tweibley/adk-ruby/lib/adk/mcp/client.rb": {
        "lines": [
          null,
          null,
          null,
          1,
          1,
          1,
          1,
          null,
          1,
          1,
          1,
          1,
          1,
          null,
          1,
          null,
          null,
          1,
          null,
          null,
          1,
          25,
          25,
          25,
          25,
          25,
          25,
          25,
          null,
          null,
          25,
          null,
          24,
          null,
          0,
          null,
          1,
          null,
          null,
          null,
          1,
          9,
          null,
          null,
          1,
          9,
          null,
          8,
          null,
          8,
          8,
          null,
          8,
          8,
          8,
          8,
          null,
          null,
          8,
          null,
          8,
          null,
          null,
          null,
          null,
          null,
          0,
          null,
          0,
          null,
          null,
          8,
          6,
          null,
          6,
          6,
          null,
          6,
          null,
          null,
          null,
          null,
          null,
          null,
          null,
          null,
          null,
          null,
          6,
          null,
          6,
          null,
          6,
          2,
          2,
          1,
          1,
          1,
          1,
          null,
          0,
          null,
          2,
          2,
          null,
          null,
          null,
          4,
          4,
          0,
          null,
          null,
          null,
          null,
          4,
          4,
          4,
          null,
          3,
          3,
          3,
          null,
          1,
          1,
          1,
          1,
          null,
          null,
          null,
          8,
          4,
          4,
          null,
          null,
          4,
          null,
          null,
          null,
          1,
          3,
          3,
          null,
          3,
          3,
          3,
          3,
          null,
          null,
          3,
          null,
          1,
          null,
          null,
          3,
          3,
          null,
          null,
          null,
          3,
          3,
          null,
          null,
          null,
          null,
          null,
          null,
          1,
          6,
          null,
          5,
          5,
          5,
          null,
          null,
          null,
          null,
          null,
          null,
          5,
          null,
          5,
          2,
          2,
          1,
          1,
          null,
          1,
          1,
          3,
          1,
          1,
          1,
          1,
          null,
          2,
          2,
          null,
          null,
          null,
          null,
          null,
          null,
          null,
          null,
          null,
          null,
          1,
          6,
          5,
          null,
          4,
          4,
          4,
          null,
          null,
          null,
          null,
          null,
          null,
          4,
          null,
          4,
          1,
          1,
          3,
          1,
          1,
          1,
          1,
          null,
          2,
          2,
          null,
          null,
          null,
          null,
          null,
          null,
          null,
          1,
          0,
          null,
          null,
          0,
          0,
          null,
          0,
          0,
          null,
          null,
          null,
          1,
          null,
          null,
          1,
          null,
          0,
          null,
          0,
          0,
          null,
          null,
          null,
          0,
          null,
          0,
          0,
          null,
          0,
          0,
          0,
          null,
          null,
          0,
          null,
          null,
          0,
          0,
          0,
          0,
          null,
          0,
          null,
          null,
          null,
          0,
          0,
          0,
          0,
          0,
          0,
          null,
          null,
          null,
          0,
          0,
          null,
          0,
          0,
          0,
          0,
          0,
          0,
          0,
          0,
          null,
          0,
          null,
          null,
          null,
          0,
          0,
          0,
          null,
          null,
          null,
          0,
          null,
          null,
          null,
          null,
          null
        ]
      },
      "/Users/tweibley/adk-ruby/lib/adk/mcp/connection/stdio.rb": {
        "lines": [
          null,
          null,
          null,
          1,
          1,
          1,
          1,
          null,
          1,
          1,
          1,
          null,
          1,
          null,
          1,
          null,
          1,
          null,
          1,
          null,
          1,
          null,
          1,
          27,
          27,
          27,
          27,
          27,
          27,
          27,
          27,
          27,
          27,
          27,
          27,
          27,
          27,
          27,
          null,
          null,
          1,
          20,
          null,
          null,
          null,
          null,
          null,
          1,
          2,
          null,
          2,
          2,
          2,
          null,
          null,
          null,
          2,
          1,
          1,
          null,
          1,
          null,
          null,
          1,
          null,
          0,
          0,
          0,
          null,
          null,
          0,
          null,
          0,
          null,
          null,
          null,
          null,
          1,
          0,
          null,
          0,
          null,
          0,
          0,
          0,
          0,
          null,
          0,
          null,
          null,
          0,
          null,
          0,
          0,
          0,
          null,
          null,
          0,
          0,
          0,
          0,
          0,
          null,
          0,
          0,
          null,
          null,
          0,
          0,
          0,
          0,
          0,
          0,
          0,
          null,
          null,
          null,
          null,
          0,
          null,
          null,
          null,
          0,
          null,
          0,
          null,
          0,
          0,
          null,
          null,
          null,
          1,
          1,
          1,
          null,
          1,
          1,
          1,
          null,
          0,
          0,
          null,
          0,
          0,
          null,
          null,
          null,
          null,
          null,
          null,
          1,
          5,
          null,
          null,
          4,
          4,
          4,
          3,
          null,
          1,
          1,
          1,
          1,
          null,
          0,
          0,
          0,
          0,
          null,
          null,
          null,
          null,
          null,
          null,
          null,
          null,
          1,
          8,
          null,
          null,
          null,
          7,
          null,
          null,
          null,
          5,
          null,
          null,
          3,
          null,
          null,
          null,
          null,
          null,
          null,
          null,
          null,
          null,
          2,
          2,
          null,
          4,
          null,
          null,
          null,
          4,
          null,
          null,
          null,
          null,
          null,
          4,
          1,
          null,
          null,
          3,
          null,
          2,
          null,
          null,
          null,
          null,
          null,
          null,
          null,
          null,
          null,
          null,
          null,
          1,
          10,
          null,
          10,
          10,
          null,
          null,
          10,
          null,
          null,
          10,
          10,
          null,
          null,
          10,
          10,
          null,
          null,
          10,
          10,
          null,
          10,
          10,
          4,
          null,
          4,
          2,
          2,
          1,
          1,
          1,
          null,
          null,
          4,
          null,
          5,
          null,
          1,
          1,
          null,
          null,
          null,
          null,
          10,
          null,
          10,
          10,
          10,
          null,
          null,
          null,
          null,
          1,
          3,
          null,
          null,
          null,
          null,
          null
        ]
      },
      "/Users/tweibley/adk-ruby/lib/adk/mcp/error.rb": {
        "lines": [
          null,
          null,
          null,
          1,
          1,
          null,
          null,
          null,
          null,
          1,
          null,
          null,
          null,
          null,
          null,
          null,
          null,
          null,
          1,
          1,
          null,
          1,
          3,
          3,
          3,
          null,
          null,
          1,
          3,
          3,
          3,
          3,
          null,
          null,
          null,
          null
        ]
      },
      "/Users/tweibley/adk-ruby/lib/adk/mcp/connection/sse.rb": {
        "lines": [
          null,
          null,
          null,
          1,
          1,
          1,
          1,
          1,
          1,
          null,
          1,
          1,
          1,
          null,
          null,
          null,
          1,
          null,
          null,
          null,
          null,
          1,
          null,
          null,
          1,
          26,
          null,
          26,
          26,
          null,
          26,
          26,
          null,
          26,
          26,
          26,
          26,
          26,
          26,
          26,
          26,
          26,
          null,
          null,
          1,
          21,
          null,
          null,
          null,
          null,
          1,
          6,
          null,
          5,
          5,
          5,
          null,
          null,
          5,
          null,
          null,
          4,
          4,
          4,
          4,
          null,
          null,
          4,
          4,
          2,
          2,
          2,
          2,
          null,
          null,
          2,
          2,
          null,
          null,
          2,
          null,
          2,
          null,
          2,
          0,
          0,
          0,
          0,
          null,
          null,
          null,
          0,
          null,
          0,
          null,
          2,
          2,
          2,
          null,
          2,
          2,
          null,
          null,
          null,
          null,
          2,
          null,
          null,
          null,
          1,
          1,
          1,
          1,
          null,
          2,
          2,
          2,
          2,
          null,
          null,
          null,
          5,
          5,
          null,
          null,
          2,
          null,
          null,
          null,
          1,
          2,
          null,
          1,
          1,
          null,
          null,
          1,
          1,
          1,
          1,
          null,
          null,
          null,
          null,
          null,
          null,
          1,
          1,
          1,
          1,
          null,
          null,
          null,
          null,
          null,
          null,
          null,
          1,
          null,
          null,
          5,
          5,
          null,
          null,
          5,
          5,
          null,
          null,
          null,
          null,
          5,
          5,
          5,
          5,
          null,
          5,
          null,
          4,
          2,
          2,
          2,
          null,
          null,
          2,
          1,
          1,
          null,
          null,
          null,
          null,
          null,
          1,
          null,
          null,
          null,
          null,
          2,
          1,
          1,
          null,
          1,
          1,
          1,
          1,
          null,
          null,
          1,
          1,
          1,
          null,
          null,
          2,
          null,
          1,
          1,
          1,
          null,
          null,
          null,
          null,
          null,
          null,
          null,
          1,
          null,
          5,
          null,
          null,
          null,
          2,
          1,
          null,
          null,
          null,
          1,
          1,
          null,
          null,
          null,
          0,
          null,
          null,
          0,
          null,
          null,
          null,
          1,
          7,
          null,
          null,
          1,
          null,
          null,
          null,
          1,
          5,
          5,
          5,
          null,
          null,
          5,
          14,
          14,
          9,
          null,
          8,
          8,
          null,
          8,
          null,
          1,
          null,
          7,
          null,
          null,
          null,
          null,
          0,
          null,
          0,
          null,
          null,
          null,
          null,
          5,
          null,
          5,
          4,
          null,
          4,
          null,
          1,
          null,
          null,
          null,
          null,
          null,
          null,
          null,
          null
        ]
      },
      "/Users/tweibley/adk-ruby/lib/adk/mcp/tool_wrapper.rb": {
        "lines": [
          null,
          null,
          null,
          1,
          1,
          1,
          1,
          1,
          null,
          1,
          1,
          null,
          null,
          1,
          null,
          1,
          null,
          1,
          null,
          1,
          null,
          null,
          null,
          null,
          null,
          null,
          null,
          null,
          null,
          1,
          null,
          0,
          null,
          null,
          0,
          0,
          null,
          null,
          0,
          0,
          0,
          0,
          0,
          null,
          0,
          null,
          null,
          0,
          null,
          0,
          0,
          0,
          null,
          null,
          0,
          0,
          0,
          null,
          null,
          0,
          null,
          0,
          null,
          null,
          null,
          null,
          null,
          null,
          null,
          0,
          0,
          0,
          null,
          null,
          null,
          0,
          null,
          null,
          null,
          null,
          null,
          null,
          0,
          null,
          null,
          null,
          0,
          0,
          null,
          0,
          null,
          0,
          0,
          null,
          null,
          0,
          null,
          null,
          null,
          null,
          null,
          null,
          null,
          1,
          0,
          0,
          0,
          null,
          null,
          0,
          0,
          null,
          0,
          null,
          null,
          null,
          0,
          null,
          null,
          0,
          0,
          0,
          null,
          0,
          0,
          null,
          null,
          0,
          0,
          null,
          0,
          0,
          0,
          null,
          null,
          null,
          null,
          null
        ]
      },
      "/Users/tweibley/adk-ruby/lib/adk/tool.rb": {
        "lines": [
          null,
          null,
          null,
          1,
          1,
          1,
          1,
          1,
          null,
          1,
          1,
          null,
          1,
          null,
          null,
          1,
          null,
          1,
          null,
          null,
          null,
          1,
          1,
          null,
          null,
          null,
          1,
          1,
          1,
          null,
          null,
          null,
          null,
          null,
          null,
          null,
          null,
          null,
          null,
          null,
          null,
          null,
          null,
          null,
          null,
          null,
          null,
          null,
          null,
          null,
          1,
          54,
          54,
          null,
          null,
          null,
          null,
          1,
          null,
          null,
          1,
          null,
          117,
          117,
          117,
          117,
          null,
          null,
          117,
          3,
          3,
          3,
          3,
          3,
          3,
          null,
          3,
          null,
          null,
          null,
          null,
          null,
          null,
          null,
          1,
          71,
          66,
          66,
          null,
          null,
          null,
          1,
          73,
          226,
          73,
          73,
          73,
          6,
          6,
          6,
          null,
          null,
          null,
          1,
          null,
          null,
          null,
          null,
          null,
          1,
          0,
          null,
          null,
          null
        ]
      },
      "/Users/tweibley/adk-ruby/lib/adk/global_tool_manager.rb": {
        "lines": [
          null,
          null,
          null,
          1,
          1,
          1,
          null,
          1,
          null,
          null,
          null,
          1,
          null,
          1,
          null,
          null,
          null,
          1,
          89,
          2,
          2,
          null,
          null,
          87,
          87,
          null,
          null,
          null,
          null,
          87,
          null,
          0,
          0,
          0,
          null,
          null,
          null,
          null,
          0,
          0,
          0,
          0,
          0,
          null,
          0,
          0,
          null,
          null,
          null,
          0,
          0,
          null,
          null,
          0,
          0,
          null,
          null,
          null,
          null,
          null,
          null,
          87,
          87,
          0,
          0,
          null,
          null,
          87,
          1,
          86,
          null,
          86,
          null,
          87,
          null,
          null,
          null,
          null,
          1,
          3,
          3,
          null,
          3,
          null,
          null,
          null,
          3,
          null,
          null,
          null,
          null,
          null,
          1,
          43,
          null,
          null,
          null,
          null,
          1,
          6,
          null,
          null,
          null,
          null,
          null,
          1,
          4,
          null,
          4,
          null,
          3,
          2,
          2,
          null,
          1,
          1,
          1,
          null,
          null,
          1,
          1,
          null,
          null,
          null,
          null,
          1,
          1268,
          null,
          null,
          null
        ]
      },
      "/Users/tweibley/adk-ruby/lib/adk/tool/metadata_dsl.rb": {
        "lines": [
          null,
          null,
          1,
          1,
          null,
          1,
          1,
          1,
          null,
          null,
          null,
          1,
          1,
          null,
          null,
          null,
          1,
          1367,
          1367,
          1367,
          null,
          null,
          null,
          null,
          1,
          null,
          1,
          49,
          49,
          null,
          null,
          null,
          1,
          32,
          32,
          null,
          32,
          null,
          null,
          null,
          1,
          149,
          149,
          149,
          null,
          149,
          149,
          null,
          149,
          149,
          149,
          149,
          149,
          149,
          null,
          null,
          null,
          null,
          null,
          null,
          1,
          643,
          643,
          643,
          null,
          null,
          null,
          151,
          2,
          2,
          null,
          null,
          null,
          149,
          null,
          null,
          null,
          1,
          643,
          null,
          null,
          643,
          643,
          643,
          null,
          null,
          643,
          643,
          643,
          null,
          null,
          643,
          null,
          null,
          null,
          null,
          null,
          null,
          null,
          null
        ]
      },
      "/Users/tweibley/adk-ruby/lib/adk/mcp/util/schema_converter.rb": {
        "lines": [
          null,
          null,
          null,
          1,
          1,
          null,
          1,
          1,
          1,
          null,
          null,
          1,
          null,
          null,
          null,
          null,
          null,
          null,
          null,
          1,
          null,
          12,
          null,
          10,
          10,
          null,
          10,
          null,
          22,
          22,
          null,
          2,
          2,
          null,
          null,
          20,
          null,
          20,
          null,
          null,
          null,
          20,
          null,
          null,
          null,
          null,
          null,
          null,
          20,
          null,
          7,
          null,
          4,
          null,
          3,
          null,
          3,
          null,
          1,
          null,
          2,
          2,
          null,
          null,
          null,
          18,
          null,
          null,
          10,
          null,
          null,
          null,
          null,
          null,
          null,
          null,
          null,
          1,
          10,
          10,
          null,
          8,
          null,
          8,
          13,
          2,
          2,
          null,
          null,
          11,
          11,
          11,
          null,
          11,
          null,
          3,
          3,
          null,
          1,
          1,
          null,
          null,
          2,
          2,
          null,
          1,
          1,
          null,
          1,
          1,
          1,
          null,
          2,
          2,
          2,
          null,
          1,
          1,
          null,
          null,
          null,
          10,
          10,
          10,
          null,
          10,
          null,
          null,
          8,
          8,
          null,
          16,
          null,
          null,
          null,
          null,
          null
        ]
      },
      "/Users/tweibley/adk-ruby/lib/adk/global_definition_registry.rb": {
        "lines": [
          null,
          null,
          null,
          1,
          null,
          null,
          null,
          null,
          1,
          1,
          null,
          null,
          null,
          1,
          22,
          2,
          2,
          null,
          null,
          20,
          20,
          1,
          null,
          20,
          20,
          20,
          null,
          null,
          null,
          null,
          null,
          1,
          10,
          1,
          1,
          null,
          9,
          null,
          null,
          null,
          1,
          11,
          11,
          null,
          null,
          null,
          null,
          1,
          4,
          null,
          null,
          null
        ]
      },
      "/Users/tweibley/adk-ruby/lib/adk/definition_store/redis_store.rb": {
        "lines": [
          null,
          null,
          null,
          1,
          1,
          1,
          1,
          null,
          1,
          1,
          null,
          1,
          null,
          1,
          1,
          null,
          null,
          null,
          null,
          1,
          null,
          null,
          null,
          null,
          null,
          null,
          null,
          null,
          null,
          1,
          71,
          71,
          71,
          null,
          null,
          1,
          1,
          null,
          null,
          null,
          null,
          null,
          null,
          null,
          null,
          null,
          null,
          null,
          null,
          null,
          null,
          null,
          null,
          null,
          null,
          null,
          null,
          null,
          null,
          null,
          null,
          null,
          null,
          1,
          null,
          null,
          null,
          null,
          null,
          25,
          24,
          null,
          null,
          null,
          22,
          22,
          22,
          null,
          null,
          22,
          null,
          null,
          22,
          null,
          null,
          null,
          22,
          12,
          11,
          null,
          null,
          20,
          null,
          null,
          19,
          17,
          17,
          17,
          17,
          17,
          17,
          17,
          17,
          17,
          17,
          17,
          17,
          17,
          17,
          17,
          null,
          17,
          17,
          17,
          17,
          17,
          17,
          17,
[...]
          9,
          null,
          7,
          null,
          7,
          null,
          null,
          1,
          null,
          1,
          1,
          null,
          null,
          null,
          null,
          null,
          null,
          7,
          null,
          null,
          null,
          null,
          7,
          null,
          null,
          null,
          null,
          7,
          7,
          null,
          null,
          null,
          7,
          null,
          null,
          null,
          null,
          null,
          null,
          7,
          null,
          null,
          null,
          null,
          null,
          6,
          1,
          1,
          null,
          null,
          5,
          null,
          null,
          null,
          1,
          1,
          null,
          0,
          null,
          null,
          0,
          null,
          null,
          null,
          5,
          5,
          5,
          null,
          null,
          null,
          null,
          1,
          3,
          null,
          3,
          1,
          null,
          null,
          3,
          null,
          null,
          1,
          null,
          null,
          1,
          26,
          26,
          null,
          26,
          30,
          30,
          null,
          30,
          0,
          0,
          null,
          30,
          0,
          0,
          null,
          null,
          30,
          null,
          null,
          30,
          null,
          null,
          null,
          null,
          null,
          null,
          5,
          5,
          5,
          0,
          0,
          0,
          0,
          null,
          null,
          null,
          null,
          0,
          0,
          0,
          0,
          null,
          null,
          null,
          0,
          null,
          0,
          0,
          null,
          null,
          null,
          null,
          null,
          null,
          null,
          null,
          5,
          null,
          1,
          0,
          0,
          null,
          null,
          null,
          null,
          null,
          null,
          null,
          null
        ]
      },
      "/Users/tweibley/adk-ruby/spec/adk/web/webhook_listener_error_handling_spec.rb": {
        "lines": [
          null,
          null,
          null,
          1,
          1,
          1,
          null,
          1,
          1,
          null,
          null,
          1,
          6,
          null,
          null,
          null,
          7,
          7,
          7,
          7,
          7,
          6,
          6,
          null,
          1,
          null,
          6,
          null,
          null,
          null,
          null,
          null,
          null,
          6,
          null,
          null,
          null,
          null,
          6,
          6,
          6,
          6,
          6,
          6,
          null,
          null,
          6,
          6,
          null,
          null,
          null,
          6,
          6,
          6,
          null,
          null,
          1,
          1,
          1,
          1,
          1,
          null,
          1,
          1,
          null,
          null,
          null,
          1,
          5,
          null,
          1,
          2,
          null,
          null,
          1,
          1,
          1,
          null,
          null,
          2,
          2,
          1,
          null,
          1,
          null,
          1,
          null,
          null,
          1,
          1,
          1,
          null,
          1,
          null,
          1,
          1,
          null,
          null,
          null,
          1,
          5,
          null,
          1,
          2,
          2,
          null,
          null,
          3,
          3,
          2,
          null,
          null,
          1,
          1,
          1,
          null,
          1,
          null,
          1,
          null,
          null,
          1,
          1,
          1,
          null,
          1,
          null,
          1,
          1,
          null,
          null,
          null,
          1,
          3,
          null,
          1,
          1,
          null,
          null,
          1,
          1,
          1,
          null,
          1,
          1,
          null,
          null,
          null,
          null
        ]
      },
      "/Users/tweibley/adk-ruby/spec/adk/web/webhook_listener_spec.rb": {
        "lines": [
          null,
          null,
          null,
          1,
          1,
          1,
          1,
          1,
          1,
          1,
          1,
          null,
          1,
          1,
          null,
          null,
          1,
          12,
          null,
          null,
          null,
          13,
          13,
          13,
          13,
          13,
          13,
          13,
          17,
          15,
          2,
          null,
          13,
          null,
          null,
          1,
          12,
          12,
          null,
          null,
          12,
          null,
          null,
          12,
          null,
          12,
          null,
          12,
          null,
          null,
          12,
          null,
          null,
          12,
          12,
          12,
          12,
          12,
          12,
          null,
          null,
          12,
          12,
          12,
          12,
          12,
          null,
          null,
          1,
          1,
          1,
          1,
          1,
          1,
          1,
          1,
          1,
          null,
          null,
          1,
          null,
          1,
          null,
          null,
          1,
          1,
          null,
          1,
          null,
          null,
          1,
          1,
          1,
          1,
          null,
          1,
          1,
          1,
          1,
          1,
          1,
          null,
          null,
          null,
          1,
          2,
          null,
          1,
          1,
          1,
          1,
          1,
          null,
          null,
          null,
          1,
          1,
          null,
          1,
          1,
          null,
          null,
          1,
          1,
          1,
          1,
          1,
          null,
          null,
          null,
          1,
          1,
          null,
          1,
          1,
          null,
          1,
          null,
          null,
          1,
          1,
          1,
          1,
          1,
          null,
          null,
          null,
          1,
          1,
          null,
          1,
          1,
          null,
          1,
          1,
          null,
          null,
          1,
          1,
          1,
          1,
          1,
          null,
          null,
          null,
          1,
          3,
          2,
          null,
          1,
          1,
          1,
          1,
          1,
          null,
          null,
          null,
          1,
          3,
          2,
          null,
          1,
          1,
          1,
          1,
          1,
          null,
          null,
          null,
          1,
          3,
          2,
          null,
          1,
          1,
          1,
          1,
          1,
          null,
          null,
          null,
          1,
          3,
          2,
          null,
          1,
          1,
          1,
          1,
          1,
          null,
          null,
          null,
          1,
          2,
          null,
          1,
          1,
          1,
          1,
          1,
          null,
          null,
          null,
          1,
          2,
          null,
          1,
          1,
          1,
          1,
          1,
          null,
          null,
          null,
          null,
          null,
          null,
          null
        ]
      },
      "/Users/tweibley/adk-ruby/spec/adk/web/webhook_listener_static_routes_spec.rb": {
        "lines": [
          null,
          null,
          null,
          1,
          1,
          1,
          1,
          null,
          1,
          1,
          null,
          null,
          1,
          6,
          null,
          null,
          null,
          1,
          7,
          null,
          null,
          1,
          7,
          null,
          null,
          1,
          7,
          null,
          null,
          1,
          7,
          null,
          null,
          1,
          7,
          null,
          null,
          null,
          1,
          null,
          6,
          null,
          null,
          null,
          null,
          null,
          null,
          null,
          null,
          1,
          6,
          null,
          null,
          null,
          null,
          null,
          null,
          null,
          null,
          null,
          null,
          null,
          null,
          1,
          6,
          null,
          null,
          null,
          null,
          null,
          null,
          null,
          6,
          null,
          null,
          null,
          null,
          null,
          null,
          null,
          null,
          null,
          null,
          null,
          1,
          6,
          null,
          null,
          1,
          1,
          1,
          1,
          1,
          null,
          null,
          1,
          1,
          1,
          1,
          null,
          null,
          1,
          1,
          1,
          1,
          null,
          null,
          1,
          1,
          1,
          1,
          null,
          null,
          1,
          1,
          1,
          null,
          null,
          1,
          1,
          1,
          1,
          null,
          null,
          null
        ]
      },
      "/Users/tweibley/adk-ruby/spec/adk/webhook_job_worker_spec.rb": {
        "lines": [
          null,
          null,
          null,
          1,
          1,
          1,
          1,
          1,
          1,
          1,
          1,
          1,
          null,
          null,
          null,
          1,
          null,
          1,
          null,
          21,
          21,
          null,
          21,
          21,
          21,
          21,
          1,
          null,
          20,
          null,
          null,
          null,
          null,
          null,
          null,
          null,
          null,
          null,
          null,
          null,
          null,
          null,
          null,
          21,
          21,
          21,
          21,
          21,
          21,
          null,
          null,
          1,
          null,
          20,
          null,
          20,
          null,
          null,
          null,
          20,
          null,
          20,
          null,
          20,
          null,
          null,
          20,
          20,
          null,
          20,
          20,
          20,
          null,
          null,
          20,
          null,
          null,
          20,
          null,
          null,
          1,
          20,
          null,
          null,
          1,
          1,
          1,
          null,
          1,
          null,
          1,
          1,
          null,
          null,
          1,
          null,
          1,
          null,
          1,
          1,
          null,
          null,
          1,
          null,
          1,
          null,
          1,
          null,
          1,
          null,
          null,
          1,
          1,
          null,
          null,
          null,
          null,
          1,
          null,
          null,
          null,
          null,
          null,
          1,
          null,
          null,
          1,
          null,
          1,
          null,
          null,
          null,
          null,
          null,
          1,
          null,
          1,
          null,
          null,
          1,
          null,
          1,
          null,
          null,
          null,
          null,
          null,
          1,
          null,
          1,
          null,
          null,
          null,
          1,
          1,
          1,
          null,
          1,
          1,
          null,
          null,
          null,
          1,
          1,
          null,
          1,
          1,
          null,
          null,
          null,
          null,
          null,
          1,
          1,
          null,
          1,
          null,
          1,
          null,
          null,
          null,
          2,
          null,
          null,
          null,
          1,
          1,
          null,
          1,
          null,
          null,
          null,
          1,
          null,
          null,
          1,
          null,
          1,
          1,
          null,
          null,
          null,
          null,
          1,
          null,
          1,
          null,
          1,
          null,
          2,
          null,
          null,
          null,
          1,
          1,
          null,
          1,
          null,
          null,
          null,
          2,
          null,
          null,
          null,
          1,
          1,
          null,
          null,
          1,
          1,
          1,
          null,
          1,
          null,
          1,
          null,
          null,
          null,
          2,
          null,
          null,
          null,
          1,
          3,
          null,
          1,
          null,
          2,
          2,
          2,
          2,
          2,
          null,
          null,
          null,
          1,
          null,
          1,
          null,
          null,
          null,
          null,
          null,
          2,
          null,
          null,
          1,
          null,
          1,
          null,
          null,
          null,
          null,
          null,
          2,
          null,
          null,
          null,
          1,
          1,
          1,
          null,
          null,
          1,
          2,
          null,
          null,
          null,
          null,
          null,
          1,
          1,
          1,
          2,
          null,
          null,
          null,
          null,
          1,
          1,
          2,
          null,
          null,
          null,
          null,
          1,
          1,
          2,
          null,
          null,
          null,
          null,
          1,
          1,
          2,
          null,
          null,
          null,
          null,
          null,
          null
        ]
      },
      "/Users/tweibley/adk-ruby/spec/integration/agent_delegation_spec.rb": {
        "lines": [
          null,
          null,
          1,
          1,
          null,
          1,
          1,
          5,
          null,
          null,
          null,
          null,
          null,
          null,
          null,
          1,
          5,
          null,
          null,
          null,
          null,
          null,
          null,
          null,
          null,
          null,
          1,
          5,
          5,
          5,
          5,
          5,
          5,
          5,
          null,
          null,
          null,
          1,
          5,
          5,
          5,
          5,
          5,
          5,
          null,
          null,
          null,
          1,
          5,
          5,
          5,
          5,
          5,
          5,
          null,
          null,
          null,
          null,
          1,
          5,
          5,
          0,
          null,
          null,
          null,
          null,
          null,
          null,
          null,
          null,
          null,
          null,
          null,
          5,
          null,
          null,
          null,
          0,
          0,
          null,
          0,
          null,
          null,
          null,
          null,
          null,
          1,
          null,
          5,
          5,
          null,
          5,
          null,
          null,
          5,
          5,
          5,
          5,
          null,
          null,
          5,
          5,
          null,
          null,
          null,
          null,
          null,
          null,
          null,
          5,
          null,
          null,
          null,
          5,
          null,
          null,
          1,
          1,
          2,
          2,
          2,
          null,
          null,
          1,
          2,
          2,
          2,
          null,
          null,
          1,
          2,
          2,
          2,
          null,
          null,
          1,
          null,
          2,
          2,
          2,
          null,
          null,
          1,
          1,
          1,
          null,
          null,
          1,
          null,
          null,
          null,
          null,
          1,
          null,
          null,
          null,
          null,
          null,
          null,
          1,
          1,
          null,
          null,
          1,
          null,
          1,
          1,
          1,
          1,
          null,
          null,
          1,
          1,
          null,
          null,
          1,
          null,
          null,
          null,
          1,
          null,
          null,
          null,
          null,
          null,
          null,
          1,
          1,
          null,
          null,
          null,
          null,
          1,
          1,
          2,
          2,
          2,
          null,
          null,
          1,
          2,
          2,
          2,
          null,
          null,
          1,
          null,
          null,
          null,
          2,
          null,
          null,
          null,
          null,
          2,
          null,
          null,
          2,
          2,
          2,
          null,
          null,
          null,
          null,
          2,
          null,
          null,
          null,
          null,
          1,
          null,
          1,
          null,
          null,
          1,
          null,
          null,
          1,
          null,
          null,
          null,
          null,
          null,
          null,
          1,
          1,
          null,
          null,
          1,
          null,
          1,
          null,
          null,
          1,
          1,
          1,
          null,
          1,
          1,
          null,
          null,
          1,
          null,
          null,
          null,
          null,
          null,
          null,
          null,
          null,
          null,
          1,
          null,
          null,
          null,
          null,
          1,
          null,
          null,
          null,
          null,
          null,
          null,
          1,
          1,
          1,
          null,
          null,
          null,
          1,
          1,
          1,
          1,
          1,
          null,
          null,
          1,
          null,
          1,
          1,
          1,
          null,
          null,
          null,
          null,
          1,
          null,
          null,
          null,
          null,
          1,
          1,
          null,
          null,
          null,
          null,
          null,
          1,
          null,
          null,
          null,
          null,
          null,
          null,
          null,
          1,
          null,
          1,
          1,
          null,
          null,
          null
        ]
      }
    },
    "timestamp": 1765424645
  }
}
